<?xml version="1.0" encoding="UTF-8"?><testsuite failures="0" name="cucumber.runtime.formatter.JUnitFormatter" skipped="0" tests="1" time="20.092501">
<testcase classname="Deal data creation" name="Create a new deal" time="20.092501">
<system-out><![CDATA[Given user is on login Page.................................................passed
When title of login page Free CRM...........................................passed
Then user enters username and password......................................passed
Then user clicks login button...............................................passed
Then user on Home page......................................................passed
Then user mouse over on deal link...........................................passed
Then user clicks on new deal link...........................................passed
Then user enters deal details...............................................passed
Then user clicks on save deal button........................................passed
Then verify new deal created................................................passed
Then user closed browser....................................................passed
]]></system-out>
</testcase>
</testsuite>
